# JRE version: Java(TM) SE Runtime Environment (21.0.6+8) (build 21.0.6+8-LTS-188)
# Java VM: Java HotSpot(TM) 64-Bit Server VM (21.0.6+8-LTS-188, mixed mode, sharing, tiered, compressed oops, compressed class ptrs, g1 gc, windows-amd64)
GC Precious Log:
 CardTable entry size: 512
 Card Set container configuration: InlinePtr #cards 4 size 8 Array Of Cards #cards 16 size 48 Howl #buckets 8 coarsen threshold 3686 Howl Bitmap #cards 512 size 80 coarsen threshold 460 Card regions per heap region 1 cards per card region 4096
 CPUs: 4 total, 4 available
 Memory: 12162M
 Large Page Support: Disabled
 NUMA Support: Disabled
 Compressed Oops: Enabled (Zero based)
 Heap Region Size: 2M
 Heap Min Capacity: 8M
 Heap Initial Capacity: 192M
 Heap Max Capacity: 3042M
 Pre-touch: Disabled
 Parallel Workers: 4
 Concurrent Workers: 1
 Concurrent Refinement Workers: 4
 Periodic GC: Disabled
Heap:
 garbage-first heap   total 63488K, used 34737K [0x0000000741e00000, 0x0000000800000000)
  region size 2048K, 6 young (12288K), 1 survivors (2048K)
 Metaspace       used 75756K, committed 76736K, reserved 1179648K
  class space    used 9909K, committed 10368K, reserved 1048576K
GC Heap History (20 events):
Event: 27465.165 GC heap before
{Heap before GC invocations=146 (full 0):
 garbage-first heap   total 63488K, used 53153K [0x0000000741e00000, 0x0000000800000000)
  region size 2048K, 14 young (28672K), 1 survivors (2048K)
 Metaspace       used 75696K, committed 76672K, reserved 1179648K
  class space    used 9908K, committed 10368K, reserved 1048576K
}
Event: 27465.302 GC heap after
{Heap after GC invocations=147 (full 0):
 garbage-first heap   total 63488K, used 26536K [0x0000000741e00000, 0x0000000800000000)
  region size 2048K, 1 young (2048K), 1 survivors (2048K)
 Metaspace       used 75696K, committed 76672K, reserved 1179648K
  class space    used 9908K, committed 10368K, reserved 1048576K
}
Event: 27952.935 GC heap before
{Heap before GC invocations=147 (full 0):
 garbage-first heap   total 63488K, used 53160K [0x0000000741e00000, 0x0000000800000000)
  region size 2048K, 14 young (28672K), 1 survivors (2048K)
 Metaspace       used 75696K, committed 76672K, reserved 1179648K
  class space    used 9908K, committed 10368K, reserved 1048576K
}
Event: 27953.058 GC heap after
{Heap after GC invocations=148 (full 0):
 garbage-first heap   total 63488K, used 26537K [0x0000000741e00000, 0x0000000800000000)
  region size 2048K, 1 young (2048K), 1 survivors (2048K)
 Metaspace       used 75696K, committed 76672K, reserved 1179648K
  class space    used 9908K, committed 10368K, reserved 1048576K
}
Event: 28435.320 GC heap before
{Heap before GC invocations=149 (full 0):
 garbage-first heap   total 63488K, used 53161K [0x0000000741e00000, 0x0000000800000000)
  region size 2048K, 14 young (28672K), 1 survivors (2048K)
 Metaspace       used 75699K, committed 76672K, reserved 1179648K
  class space    used 9908K, committed 10368K, reserved 1048576K
}
Event: 28435.339 GC heap after
{Heap after GC invocations=150 (full 0):
 garbage-first heap   total 63488K, used 26529K [0x0000000741e00000, 0x0000000800000000)
  region size 2048K, 1 young (2048K), 1 survivors (2048K)
 Metaspace       used 75699K, committed 76672K, reserved 1179648K
  class space    used 9908K, committed 10368K, reserved 1048576K
}
Event: 28913.605 GC heap before
{Heap before GC invocations=150 (full 0):
 garbage-first heap   total 63488K, used 53153K [0x0000000741e00000, 0x0000000800000000)
  region size 2048K, 14 young (28672K), 1 survivors (2048K)
 Metaspace       used 75732K, committed 76672K, reserved 1179648K
  class space    used 9908K, committed 10368K, reserved 1048576K
}
Event: 28913.646 GC heap after
{Heap after GC invocations=151 (full 0):
 garbage-first heap   total 63488K, used 26541K [0x0000000741e00000, 0x0000000800000000)
  region size 2048K, 1 young (2048K), 1 survivors (2048K)
 Metaspace       used 75732K, committed 76672K, reserved 1179648K
  class space    used 9908K, committed 10368K, reserved 1048576K
}
Event: 29398.813 GC heap before
{Heap before GC invocations=152 (full 0):
 garbage-first heap   total 63488K, used 53165K [0x0000000741e00000, 0x0000000800000000)
  region size 2048K, 14 young (28672K), 1 survivors (2048K)
 Metaspace       used 75732K, committed 76672K, reserved 1179648K
  class space    used 9908K, committed 10368K, reserved 1048576K
}
Event: 29398.853 GC heap after
{Heap after GC invocations=153 (full 0):
 garbage-first heap   total 63488K, used 26528K [0x0000000741e00000, 0x0000000800000000)
  region size 2048K, 1 young (2048K), 1 survivors (2048K)
 Metaspace       used 75732K, committed 76672K, reserved 1179648K
  class space    used 9908K, committed 10368K, reserved 1048576K
}
Event: 29883.143 GC heap before
{Heap before GC invocations=153 (full 0):
 garbage-first heap   total 63488K, used 53152K [0x0000000741e00000, 0x0000000800000000)
  region size 2048K, 14 young (28672K), 1 survivors (2048K)
 Metaspace       used 75732K, committed 76672K, reserved 1179648K
  class space    used 9908K, committed 10368K, reserved 1048576K
}
Event: 29883.174 GC heap after
{Heap after GC invocations=154 (full 0):
 garbage-first heap   total 63488K, used 26545K [0x0000000741e00000, 0x0000000800000000)
  region size 2048K, 1 young (2048K), 1 survivors (2048K)
 Metaspace       used 75732K, committed 76672K, reserved 1179648K
  class space    used 9908K, committed 10368K, reserved 1048576K
}
Event: 30358.560 GC heap before
{Heap before GC invocations=155 (full 0):
 garbage-first heap   total 63488K, used 53169K [0x0000000741e00000, 0x0000000800000000)
  region size 2048K, 14 young (28672K), 1 survivors (2048K)
 Metaspace       used 75750K, committed 76736K, reserved 1179648K
  class space    used 9908K, committed 10368K, reserved 1048576K
}
Event: 30358.688 GC heap after
{Heap after GC invocations=156 (full 0):
 garbage-first heap   total 63488K, used 26548K [0x0000000741e00000, 0x0000000800000000)
  region size 2048K, 1 young (2048K), 1 survivors (2048K)
 Metaspace       used 75750K, committed 76736K, reserved 1179648K
  class space    used 9908K, committed 10368K, reserved 1048576K
}
Event: 30844.846 GC heap before
{Heap before GC invocations=156 (full 0):
 garbage-first heap   total 63488K, used 53172K [0x0000000741e00000, 0x0000000800000000)
  region size 2048K, 14 young (28672K), 1 survivors (2048K)
 Metaspace       used 75750K, committed 76736K, reserved 1179648K
  class space    used 9908K, committed 10368K, reserved 1048576K
}
Event: 30845.120 GC heap after
{Heap after GC invocations=157 (full 0):
 garbage-first heap   total 63488K, used 26551K [0x0000000741e00000, 0x0000000800000000)
  region size 2048K, 1 young (2048K), 1 survivors (2048K)
 Metaspace       used 75750K, committed 76736K, reserved 1179648K
  class space    used 9908K, committed 10368K, reserved 1048576K
}
Event: 31329.472 GC heap before
{Heap before GC invocations=158 (full 0):
 garbage-first heap   total 63488K, used 53175K [0x0000000741e00000, 0x0000000800000000)
  region size 2048K, 14 young (28672K), 1 survivors (2048K)
 Metaspace       used 75750K, committed 76736K, reserved 1179648K
  class space    used 9908K, committed 10368K, reserved 1048576K
}
Event: 31329.752 GC heap after
{Heap after GC invocations=159 (full 0):
 garbage-first heap   total 63488K, used 26548K [0x0000000741e00000, 0x0000000800000000)
  region size 2048K, 1 young (2048K), 1 survivors (2048K)
 Metaspace       used 75750K, committed 76736K, reserved 1179648K
  class space    used 9908K, committed 10368K, reserved 1048576K
}
Event: 31812.443 GC heap before
{Heap before GC invocations=159 (full 0):
 garbage-first heap   total 63488K, used 53172K [0x0000000741e00000, 0x0000000800000000)
  region size 2048K, 14 young (28672K), 1 survivors (2048K)
 Metaspace       used 75750K, committed 76736K, reserved 1179648K
  class space    used 9908K, committed 10368K, reserved 1048576K
}
Event: 31812.485 GC heap after
{Heap after GC invocations=160 (full 0):
 garbage-first heap   total 63488K, used 26545K [0x0000000741e00000, 0x0000000800000000)
  region size 2048K, 1 young (2048K), 1 survivors (2048K)
 Metaspace       used 75750K, committed 76736K, reserved 1179648K
  class space    used 9908K, committed 10368K, reserved 1048576K
}

